<?xml version="1.0" encoding="UTF-8"?>
<!-- Generated by org.testng.reporters.JUnitReportReporter -->
<testsuite hostname="LAPTOP-185Q3FTV" name="test.Test99GuruLogin" tests="1" failures="0" timestamp="25 Nov 2020 15:43:47 GMT" time="2.456" errors="0">
  <testcase name="test_Home_Page_Appear_Correct" time="2.456" classname="test.Test99GuruLogin"/>
</testsuite> <!-- test.Test99GuruLogin -->
